build/app/intermediates/manifest_merge_blame_file/debug/manifest-merger-blame-debug-report.txt
1<?xml version="1.0" encoding="utf-8"?>
2<manifest xmlns:android="http://schemas.android.com/apk/res/android"
3    package="com.example.cryptoapp"
4    android:versionCode="1"
5    android:versionName="1.0.0" >
6
7    <uses-sdk
8        android:minSdkVersion="21"
9        android:targetSdkVersion="31" />
10    <!--
11         The INTERNET permission is required for development. Specifically,
12         the Flutter tool needs it to communicate with the running application
13         to allow setting breakpoints, to provide hot reload, etc.
14    -->
15    <uses-permission android:name="android.permission.INTERNET" />
15-->src\debug\AndroidManifest.xml:7:5-66
15-->src\debug\AndroidManifest.xml:7:22-64
16    <uses-permission android:name="android.permission.WAKE_LOCK" />
16-->[:firebase_messaging] AndroidManifest.xml:10:5-68
16-->[:firebase_messaging] AndroidManifest.xml:10:22-65
17    <uses-permission android:name="android.permission.ACCESS_NETWORK_STATE" />
17-->[:firebase_messaging] AndroidManifest.xml:11:5-79
17-->[:firebase_messaging] AndroidManifest.xml:11:22-76
18    <uses-permission android:name="android.permission.RECEIVE_BOOT_COMPLETED" />
18-->[:flutter_local_notifications] AndroidManifest.xml:9:5-81
18-->[:flutter_local_notifications] AndroidManifest.xml:9:22-78
19    <uses-permission android:name="android.permission.VIBRATE" />
19-->[:flutter_local_notifications] AndroidManifest.xml:10:5-66
19-->[:flutter_local_notifications] AndroidManifest.xml:10:22-63
20    <uses-permission android:name="android.permission.USE_FULL_SCREEN_INTENT" />
20-->[:flutter_local_notifications] AndroidManifest.xml:11:5-81
20-->[:flutter_local_notifications] AndroidManifest.xml:11:22-78
21    <uses-permission android:name="android.permission.SCHEDULE_EXACT_ALARM" />
21-->[:flutter_local_notifications] AndroidManifest.xml:12:5-79
21-->[:flutter_local_notifications] AndroidManifest.xml:12:22-76
22    <uses-permission android:name="android.permission.POST_NOTIFICATIONS" /> <!-- Required by older versions of Google Play services to create IID tokens -->
22-->[:flutter_local_notifications] AndroidManifest.xml:13:5-77
22-->[:flutter_local_notifications] AndroidManifest.xml:13:22-74
23    <uses-permission android:name="com.google.android.c2dm.permission.RECEIVE" />
23-->[com.google.firebase:firebase-messaging:23.0.7] AndroidManifest.xml:29:5-82
23-->[com.google.firebase:firebase-messaging:23.0.7] AndroidManifest.xml:29:22-79
24    <uses-permission android:name="com.google.android.gms.permission.AD_ID" />
24-->[com.facebook.android:facebook-core:14.1.0] AndroidManifest.xml:28:5-79
24-->[com.facebook.android:facebook-core:14.1.0] AndroidManifest.xml:28:22-76
25    <uses-permission android:name="com.google.android.finsky.permission.BIND_GET_INSTALL_REFERRER_SERVICE" />
25-->[com.android.installreferrer:installreferrer:1.0] AndroidManifest.xml:9:5-110
25-->[com.android.installreferrer:installreferrer:1.0] AndroidManifest.xml:9:22-107
26
27    <application
28        android:name="android.app.Application"
29        android:appComponentFactory="androidx.core.app.CoreComponentFactory"
29-->[androidx.core:core:1.6.0] AndroidManifest.xml:24:18-86
30        android:debuggable="true"
31        android:icon="@mipmap/ic_launcher"
32        android:label="cryptoapp"
33        android:supportsRtl="true" >
33-->[com.facebook.android:facebook-login:14.1.0] AndroidManifest.xml:28:18-44
34        <activity
35            android:name="com.example.cryptoapp.MainActivity"
36            android:configChanges="orientation|keyboardHidden|keyboard|screenSize|smallestScreenSize|locale|layoutDirection|fontScale|screenLayout|density|uiMode"
37            android:exported="true"
38            android:hardwareAccelerated="true"
39            android:launchMode="singleTop"
40            android:theme="@style/LaunchTheme"
41            android:windowSoftInputMode="adjustResize" >
42
43            <!--
44                 Specifies an Android theme to apply to this Activity as soon as
45                 the Android process has started. This theme is visible to the user
46                 while the Flutter UI initializes. After that, this theme continues
47                 to determine the Window background behind the Flutter UI.
48            -->
49            <meta-data
50                android:name="io.flutter.embedding.android.NormalTheme"
51                android:resource="@style/NormalTheme" />
52
53            <intent-filter>
54                <action android:name="android.intent.action.MAIN" />
55
56                <category android:name="android.intent.category.LAUNCHER" />
57            </intent-filter>
58        </activity>
59        <!--
60             Don't delete the meta-data below.
61             This is used by the Flutter tool to generate GeneratedPluginRegistrant.java
62        -->
63        <meta-data
64            android:name="flutterEmbedding"
65            android:value="2" />
66
67        <service
67-->[:firebase_auth] AndroidManifest.xml:10:9-14:19
68            android:name="com.google.firebase.components.ComponentDiscoveryService"
68-->[:firebase_auth] AndroidManifest.xml:10:18-89
69            android:directBootAware="true"
69-->[com.google.firebase:firebase-common:20.1.1] AndroidManifest.xml:35:13-43
70            android:exported="false" >
70-->[com.google.firebase:firebase-auth:21.0.7] AndroidManifest.xml:66:13-37
71            <meta-data
71-->[:firebase_auth] AndroidManifest.xml:11:13-13:85
72                android:name="com.google.firebase.components:io.flutter.plugins.firebase.auth.FlutterFirebaseAuthRegistrar"
72-->[:firebase_auth] AndroidManifest.xml:12:17-124
73                android:value="com.google.firebase.components.ComponentRegistrar" />
73-->[:firebase_auth] AndroidManifest.xml:13:17-82
74            <meta-data
74-->[:firebase_storage] AndroidManifest.xml:11:13-13:85
75                android:name="com.google.firebase.components:io.flutter.plugins.firebase.storage.FlutterFirebaseAppRegistrar"
75-->[:firebase_storage] AndroidManifest.xml:12:17-126
76                android:value="com.google.firebase.components.ComponentRegistrar" />
76-->[:firebase_storage] AndroidManifest.xml:13:17-82
77            <meta-data
77-->[:firebase_messaging] AndroidManifest.xml:36:13-38:85
78                android:name="com.google.firebase.components:io.flutter.plugins.firebase.messaging.FlutterFirebaseAppRegistrar"
78-->[:firebase_messaging] AndroidManifest.xml:37:17-128
79                android:value="com.google.firebase.components.ComponentRegistrar" />
79-->[:firebase_messaging] AndroidManifest.xml:38:17-82
80            <meta-data
80-->[:firebase_core] AndroidManifest.xml:11:13-13:85
81                android:name="com.google.firebase.components:io.flutter.plugins.firebase.core.FlutterFirebaseCoreRegistrar"
81-->[:firebase_core] AndroidManifest.xml:12:17-124
82                android:value="com.google.firebase.components.ComponentRegistrar" />
82-->[:firebase_core] AndroidManifest.xml:13:17-82
83            <meta-data
83-->[com.google.firebase:firebase-auth:21.0.7] AndroidManifest.xml:67:13-69:85
84                android:name="com.google.firebase.components:com.google.firebase.auth.FirebaseAuthRegistrar"
84-->[com.google.firebase:firebase-auth:21.0.7] AndroidManifest.xml:68:17-109
85                android:value="com.google.firebase.components.ComponentRegistrar" />
85-->[com.google.firebase:firebase-auth:21.0.7] AndroidManifest.xml:69:17-82
86            <meta-data
86-->[com.google.firebase:firebase-messaging:23.0.7] AndroidManifest.xml:56:13-58:85
87                android:name="com.google.firebase.components:com.google.firebase.messaging.FirebaseMessagingRegistrar"
87-->[com.google.firebase:firebase-messaging:23.0.7] AndroidManifest.xml:57:17-119
88                android:value="com.google.firebase.components.ComponentRegistrar" />
88-->[com.google.firebase:firebase-messaging:23.0.7] AndroidManifest.xml:58:17-82
89            <meta-data
89-->[com.google.firebase:firebase-storage:20.0.1] AndroidManifest.xml:33:13-35:85
90                android:name="com.google.firebase.components:com.google.firebase.storage.StorageRegistrar"
90-->[com.google.firebase:firebase-storage:20.0.1] AndroidManifest.xml:34:17-107
91                android:value="com.google.firebase.components.ComponentRegistrar" />
91-->[com.google.firebase:firebase-storage:20.0.1] AndroidManifest.xml:35:17-82
92            <meta-data
92-->[com.google.firebase:firebase-datatransport:18.1.5] AndroidManifest.xml:28:13-30:85
93                android:name="com.google.firebase.components:com.google.firebase.datatransport.TransportRegistrar"
93-->[com.google.firebase:firebase-datatransport:18.1.5] AndroidManifest.xml:29:17-115
94                android:value="com.google.firebase.components.ComponentRegistrar" />
94-->[com.google.firebase:firebase-datatransport:18.1.5] AndroidManifest.xml:30:17-82
95            <meta-data
95-->[com.google.firebase:firebase-installations:17.0.1] AndroidManifest.xml:18:13-20:85
96                android:name="com.google.firebase.components:com.google.firebase.installations.FirebaseInstallationsRegistrar"
96-->[com.google.firebase:firebase-installations:17.0.1] AndroidManifest.xml:19:17-127
97                android:value="com.google.firebase.components.ComponentRegistrar" />
97-->[com.google.firebase:firebase-installations:17.0.1] AndroidManifest.xml:20:17-82
98        </service>
99        <service
99-->[:firebase_messaging] AndroidManifest.xml:14:9-17:72
100            android:name="io.flutter.plugins.firebase.messaging.FlutterFirebaseMessagingBackgroundService"
100-->[:firebase_messaging] AndroidManifest.xml:15:13-107
101            android:exported="false"
101-->[:firebase_messaging] AndroidManifest.xml:16:13-37
102            android:permission="android.permission.BIND_JOB_SERVICE" />
102-->[:firebase_messaging] AndroidManifest.xml:17:13-69
103        <service
103-->[:firebase_messaging] AndroidManifest.xml:18:9-24:19
104            android:name="io.flutter.plugins.firebase.messaging.FlutterFirebaseMessagingService"
104-->[:firebase_messaging] AndroidManifest.xml:19:13-97
105            android:exported="false" >
105-->[:firebase_messaging] AndroidManifest.xml:20:13-37
106            <intent-filter>
106-->[:firebase_messaging] AndroidManifest.xml:21:13-23:29
107                <action android:name="com.google.firebase.MESSAGING_EVENT" />
107-->[:firebase_messaging] AndroidManifest.xml:22:17-78
107-->[:firebase_messaging] AndroidManifest.xml:22:25-75
108            </intent-filter>
109        </service>
110
111        <receiver
111-->[:firebase_messaging] AndroidManifest.xml:26:9-33:20
112            android:name="io.flutter.plugins.firebase.messaging.FlutterFirebaseMessagingReceiver"
112-->[:firebase_messaging] AndroidManifest.xml:27:13-98
113            android:exported="true"
113-->[:firebase_messaging] AndroidManifest.xml:28:13-36
114            android:permission="com.google.android.c2dm.permission.SEND" >
114-->[:firebase_messaging] AndroidManifest.xml:29:13-73
115            <intent-filter>
115-->[:firebase_messaging] AndroidManifest.xml:30:13-32:29
116                <action android:name="com.google.android.c2dm.intent.RECEIVE" />
116-->[:firebase_messaging] AndroidManifest.xml:31:17-81
116-->[:firebase_messaging] AndroidManifest.xml:31:25-78
117            </intent-filter>
118        </receiver>
119
120        <provider
120-->[:firebase_messaging] AndroidManifest.xml:41:9-45:38
121            android:name="io.flutter.plugins.firebase.messaging.FlutterFirebaseMessagingInitProvider"
121-->[:firebase_messaging] AndroidManifest.xml:42:13-102
122            android:authorities="com.example.cryptoapp.flutterfirebasemessaginginitprovider"
122-->[:firebase_messaging] AndroidManifest.xml:43:13-88
123            android:exported="false"
123-->[:firebase_messaging] AndroidManifest.xml:44:13-37
124            android:initOrder="99" />
124-->[:firebase_messaging] AndroidManifest.xml:45:13-35
125
126        <receiver
126-->[:flutter_local_notifications] AndroidManifest.xml:16:9-18:40
127            android:name="com.dexterous.flutterlocalnotifications.ScheduledNotificationReceiver"
127-->[:flutter_local_notifications] AndroidManifest.xml:17:13-97
128            android:exported="false" />
128-->[:flutter_local_notifications] AndroidManifest.xml:18:13-37
129        <receiver
129-->[:flutter_local_notifications] AndroidManifest.xml:19:9-28:20
130            android:name="com.dexterous.flutterlocalnotifications.ScheduledNotificationBootReceiver"
130-->[:flutter_local_notifications] AndroidManifest.xml:20:13-101
131            android:exported="false" >
131-->[:flutter_local_notifications] AndroidManifest.xml:21:13-37
132            <intent-filter>
132-->[:flutter_local_notifications] AndroidManifest.xml:22:13-27:29
133                <action android:name="android.intent.action.BOOT_COMPLETED" />
133-->[:flutter_local_notifications] AndroidManifest.xml:23:17-79
133-->[:flutter_local_notifications] AndroidManifest.xml:23:25-76
134                <action android:name="android.intent.action.MY_PACKAGE_REPLACED" />
134-->[:flutter_local_notifications] AndroidManifest.xml:24:17-84
134-->[:flutter_local_notifications] AndroidManifest.xml:24:25-81
135                <action android:name="android.intent.action.QUICKBOOT_POWERON" />
135-->[:flutter_local_notifications] AndroidManifest.xml:25:17-82
135-->[:flutter_local_notifications] AndroidManifest.xml:25:25-79
136                <action android:name="com.htc.intent.action.QUICKBOOT_POWERON" />
136-->[:flutter_local_notifications] AndroidManifest.xml:26:17-82
136-->[:flutter_local_notifications] AndroidManifest.xml:26:25-79
137            </intent-filter>
138        </receiver>
139
140        <uses-library
140-->[androidx.window:window:1.0.0-beta04] AndroidManifest.xml:25:9-27:40
141            android:name="androidx.window.extensions"
141-->[androidx.window:window:1.0.0-beta04] AndroidManifest.xml:26:13-54
142            android:required="false" />
142-->[androidx.window:window:1.0.0-beta04] AndroidManifest.xml:27:13-37
143        <uses-library
143-->[androidx.window:window:1.0.0-beta04] AndroidManifest.xml:28:9-30:40
144            android:name="androidx.window.sidecar"
144-->[androidx.window:window:1.0.0-beta04] AndroidManifest.xml:29:13-51
145            android:required="false" />
145-->[androidx.window:window:1.0.0-beta04] AndroidManifest.xml:30:13-37
146
147        <activity
147-->[com.google.firebase:firebase-auth:21.0.7] AndroidManifest.xml:27:9-44:20
148            android:name="com.google.firebase.auth.internal.GenericIdpActivity"
148-->[com.google.firebase:firebase-auth:21.0.7] AndroidManifest.xml:28:13-80
149            android:excludeFromRecents="true"
149-->[com.google.firebase:firebase-auth:21.0.7] AndroidManifest.xml:29:13-46
150            android:exported="true"
150-->[com.google.firebase:firebase-auth:21.0.7] AndroidManifest.xml:30:13-36
151            android:launchMode="singleTask"
151-->[com.google.firebase:firebase-auth:21.0.7] AndroidManifest.xml:31:13-44
152            android:theme="@android:style/Theme.Translucent.NoTitleBar" >
152-->[com.google.firebase:firebase-auth:21.0.7] AndroidManifest.xml:32:13-72
153            <intent-filter>
153-->[com.google.firebase:firebase-auth:21.0.7] AndroidManifest.xml:33:13-43:29
154                <action android:name="android.intent.action.VIEW" />
154-->[com.google.firebase:firebase-auth:21.0.7] AndroidManifest.xml:34:17-69
154-->[com.google.firebase:firebase-auth:21.0.7] AndroidManifest.xml:34:25-66
155
156                <category android:name="android.intent.category.DEFAULT" />
156-->[com.google.firebase:firebase-auth:21.0.7] AndroidManifest.xml:36:17-76
156-->[com.google.firebase:firebase-auth:21.0.7] AndroidManifest.xml:36:27-73
157                <category android:name="android.intent.category.BROWSABLE" />
157-->[com.google.firebase:firebase-auth:21.0.7] AndroidManifest.xml:37:17-78
157-->[com.google.firebase:firebase-auth:21.0.7] AndroidManifest.xml:37:27-75
158
159                <data
159-->[com.google.firebase:firebase-auth:21.0.7] AndroidManifest.xml:39:17-42:51
160                    android:host="firebase.auth"
160-->[com.google.firebase:firebase-auth:21.0.7] AndroidManifest.xml:40:21-49
161                    android:path="/"
161-->[com.google.firebase:firebase-auth:21.0.7] AndroidManifest.xml:41:21-37
162                    android:scheme="genericidp" />
162-->[com.google.firebase:firebase-auth:21.0.7] AndroidManifest.xml:42:21-48
163            </intent-filter>
164        </activity>
165        <activity
165-->[com.google.firebase:firebase-auth:21.0.7] AndroidManifest.xml:45:9-62:20
166            android:name="com.google.firebase.auth.internal.RecaptchaActivity"
166-->[com.google.firebase:firebase-auth:21.0.7] AndroidManifest.xml:46:13-79
167            android:excludeFromRecents="true"
167-->[com.google.firebase:firebase-auth:21.0.7] AndroidManifest.xml:47:13-46
168            android:exported="true"
168-->[com.google.firebase:firebase-auth:21.0.7] AndroidManifest.xml:48:13-36
169            android:launchMode="singleTask"
169-->[com.google.firebase:firebase-auth:21.0.7] AndroidManifest.xml:49:13-44
170            android:theme="@android:style/Theme.Translucent.NoTitleBar" >
170-->[com.google.firebase:firebase-auth:21.0.7] AndroidManifest.xml:50:13-72
171            <intent-filter>
171-->[com.google.firebase:firebase-auth:21.0.7] AndroidManifest.xml:51:13-61:29
172                <action android:name="android.intent.action.VIEW" />
172-->[com.google.firebase:firebase-auth:21.0.7] AndroidManifest.xml:34:17-69
172-->[com.google.firebase:firebase-auth:21.0.7] AndroidManifest.xml:34:25-66
173
174                <category android:name="android.intent.category.DEFAULT" />
174-->[com.google.firebase:firebase-auth:21.0.7] AndroidManifest.xml:36:17-76
174-->[com.google.firebase:firebase-auth:21.0.7] AndroidManifest.xml:36:27-73
175                <category android:name="android.intent.category.BROWSABLE" />
175-->[com.google.firebase:firebase-auth:21.0.7] AndroidManifest.xml:37:17-78
175-->[com.google.firebase:firebase-auth:21.0.7] AndroidManifest.xml:37:27-75
176
177                <data
177-->[com.google.firebase:firebase-auth:21.0.7] AndroidManifest.xml:39:17-42:51
178                    android:host="firebase.auth"
178-->[com.google.firebase:firebase-auth:21.0.7] AndroidManifest.xml:40:21-49
179                    android:path="/"
179-->[com.google.firebase:firebase-auth:21.0.7] AndroidManifest.xml:41:21-37
180                    android:scheme="recaptcha" />
180-->[com.google.firebase:firebase-auth:21.0.7] AndroidManifest.xml:42:21-48
181            </intent-filter>
182        </activity>
183
184        <receiver
184-->[com.google.firebase:firebase-messaging:23.0.7] AndroidManifest.xml:32:9-39:20
185            android:name="com.google.firebase.iid.FirebaseInstanceIdReceiver"
185-->[com.google.firebase:firebase-messaging:23.0.7] AndroidManifest.xml:33:13-78
186            android:exported="true"
186-->[com.google.firebase:firebase-messaging:23.0.7] AndroidManifest.xml:34:13-36
187            android:permission="com.google.android.c2dm.permission.SEND" >
187-->[com.google.firebase:firebase-messaging:23.0.7] AndroidManifest.xml:35:13-73
188            <intent-filter>
188-->[:firebase_messaging] AndroidManifest.xml:30:13-32:29
189                <action android:name="com.google.android.c2dm.intent.RECEIVE" />
189-->[:firebase_messaging] AndroidManifest.xml:31:17-81
189-->[:firebase_messaging] AndroidManifest.xml:31:25-78
190            </intent-filter>
191        </receiver>
192        <!--
193             FirebaseMessagingService performs security checks at runtime,
194             but set to not exported to explicitly avoid allowing another app to call it.
195        -->
196        <service
196-->[com.google.firebase:firebase-messaging:23.0.7] AndroidManifest.xml:45:9-52:19
197            android:name="com.google.firebase.messaging.FirebaseMessagingService"
197-->[com.google.firebase:firebase-messaging:23.0.7] AndroidManifest.xml:46:13-82
198            android:directBootAware="true"
198-->[com.google.firebase:firebase-messaging:23.0.7] AndroidManifest.xml:47:13-43
199            android:exported="false" >
199-->[com.google.firebase:firebase-messaging:23.0.7] AndroidManifest.xml:48:13-37
200            <intent-filter android:priority="-500" >
200-->[:firebase_messaging] AndroidManifest.xml:21:13-23:29
201                <action android:name="com.google.firebase.MESSAGING_EVENT" />
201-->[:firebase_messaging] AndroidManifest.xml:22:17-78
201-->[:firebase_messaging] AndroidManifest.xml:22:25-75
202            </intent-filter>
203        </service>
204
205        <provider
205-->[com.google.firebase:firebase-common:20.1.1] AndroidManifest.xml:26:9-31:39
206            android:name="com.google.firebase.provider.FirebaseInitProvider"
206-->[com.google.firebase:firebase-common:20.1.1] AndroidManifest.xml:27:13-77
207            android:authorities="com.example.cryptoapp.firebaseinitprovider"
207-->[com.google.firebase:firebase-common:20.1.1] AndroidManifest.xml:28:13-72
208            android:directBootAware="true"
208-->[com.google.firebase:firebase-common:20.1.1] AndroidManifest.xml:29:13-43
209            android:exported="false"
209-->[com.google.firebase:firebase-common:20.1.1] AndroidManifest.xml:30:13-37
210            android:initOrder="100" />
210-->[com.google.firebase:firebase-common:20.1.1] AndroidManifest.xml:31:13-36
211
212        <activity
212-->[com.facebook.android:facebook-common:14.1.0] AndroidManifest.xml:30:9-33:66
213            android:name="com.facebook.FacebookActivity"
213-->[com.facebook.android:facebook-common:14.1.0] AndroidManifest.xml:31:13-57
214            android:configChanges="keyboard|keyboardHidden|screenLayout|screenSize|orientation"
214-->[com.facebook.android:facebook-common:14.1.0] AndroidManifest.xml:32:13-96
215            android:theme="@style/com_facebook_activity_theme" />
215-->[com.facebook.android:facebook-common:14.1.0] AndroidManifest.xml:33:13-63
216        <activity android:name="com.facebook.CustomTabMainActivity" />
216-->[com.facebook.android:facebook-common:14.1.0] AndroidManifest.xml:34:9-71
216-->[com.facebook.android:facebook-common:14.1.0] AndroidManifest.xml:34:19-68
217        <activity
217-->[com.facebook.android:facebook-common:14.1.0] AndroidManifest.xml:35:9-49:20
218            android:name="com.facebook.CustomTabActivity"
218-->[com.facebook.android:facebook-common:14.1.0] AndroidManifest.xml:36:13-58
219            android:exported="true" >
219-->[com.facebook.android:facebook-common:14.1.0] AndroidManifest.xml:37:13-36
220            <intent-filter>
220-->[com.facebook.android:facebook-common:14.1.0] AndroidManifest.xml:39:13-48:29
221                <action android:name="android.intent.action.VIEW" />
221-->[com.google.firebase:firebase-auth:21.0.7] AndroidManifest.xml:34:17-69
221-->[com.google.firebase:firebase-auth:21.0.7] AndroidManifest.xml:34:25-66
222
223                <category android:name="android.intent.category.DEFAULT" />
223-->[com.google.firebase:firebase-auth:21.0.7] AndroidManifest.xml:36:17-76
223-->[com.google.firebase:firebase-auth:21.0.7] AndroidManifest.xml:36:27-73
224                <category android:name="android.intent.category.BROWSABLE" />
224-->[com.google.firebase:firebase-auth:21.0.7] AndroidManifest.xml:37:17-78
224-->[com.google.firebase:firebase-auth:21.0.7] AndroidManifest.xml:37:27-75
225
226                <data
226-->[com.google.firebase:firebase-auth:21.0.7] AndroidManifest.xml:39:17-42:51
227                    android:host="cct.com.example.cryptoapp"
227-->[com.google.firebase:firebase-auth:21.0.7] AndroidManifest.xml:40:21-49
228                    android:scheme="fbconnect" />
228-->[com.google.firebase:firebase-auth:21.0.7] AndroidManifest.xml:42:21-48
229            </intent-filter>
230        </activity>
231        <!--
232         The initialization ContentProvider will call FacebookSdk.sdkInitialize automatically
233         with the application context. This config is merged in with the host app's manifest,
234         but there can only be one provider with the same authority activated at any given
235         point; so if the end user has two or more different apps that use Facebook SDK, only the
236         first one will be able to use the provider. To work around this problem, we use the
237         following placeholder in the authority to identify each host application as if it was
238         a completely different provider.
239        -->
240        <provider
240-->[com.facebook.android:facebook-core:14.1.0] AndroidManifest.xml:41:9-44:40
241            android:name="com.facebook.internal.FacebookInitProvider"
241-->[com.facebook.android:facebook-core:14.1.0] AndroidManifest.xml:42:13-70
242            android:authorities="com.example.cryptoapp.FacebookInitProvider"
242-->[com.facebook.android:facebook-core:14.1.0] AndroidManifest.xml:43:13-72
243            android:exported="false" />
243-->[com.facebook.android:facebook-core:14.1.0] AndroidManifest.xml:44:13-37
244
245        <receiver
245-->[com.facebook.android:facebook-core:14.1.0] AndroidManifest.xml:46:9-52:20
246            android:name="com.facebook.CurrentAccessTokenExpirationBroadcastReceiver"
246-->[com.facebook.android:facebook-core:14.1.0] AndroidManifest.xml:47:13-86
247            android:exported="false" >
247-->[com.facebook.android:facebook-core:14.1.0] AndroidManifest.xml:48:13-37
248            <intent-filter>
248-->[com.facebook.android:facebook-core:14.1.0] AndroidManifest.xml:49:13-51:29
249                <action android:name="com.facebook.sdk.ACTION_CURRENT_ACCESS_TOKEN_CHANGED" />
249-->[com.facebook.android:facebook-core:14.1.0] AndroidManifest.xml:50:17-95
249-->[com.facebook.android:facebook-core:14.1.0] AndroidManifest.xml:50:25-92
250            </intent-filter>
251        </receiver>
252        <receiver
252-->[com.facebook.android:facebook-core:14.1.0] AndroidManifest.xml:53:9-59:20
253            android:name="com.facebook.AuthenticationTokenManager$CurrentAuthenticationTokenChangedBroadcastReceiver"
253-->[com.facebook.android:facebook-core:14.1.0] AndroidManifest.xml:54:13-118
254            android:exported="false" >
254-->[com.facebook.android:facebook-core:14.1.0] AndroidManifest.xml:55:13-37
255            <intent-filter>
255-->[com.facebook.android:facebook-core:14.1.0] AndroidManifest.xml:56:13-58:29
256                <action android:name="com.facebook.sdk.ACTION_CURRENT_AUTHENTICATION_TOKEN_CHANGED" />
256-->[com.facebook.android:facebook-core:14.1.0] AndroidManifest.xml:57:17-103
256-->[com.facebook.android:facebook-core:14.1.0] AndroidManifest.xml:57:25-100
257            </intent-filter>
258        </receiver>
259
260        <activity
260-->[com.google.android.gms:play-services-auth:20.0.1] AndroidManifest.xml:23:9-27:75
261            android:name="com.google.android.gms.auth.api.signin.internal.SignInHubActivity"
261-->[com.google.android.gms:play-services-auth:20.0.1] AndroidManifest.xml:24:13-93
262            android:excludeFromRecents="true"
262-->[com.google.android.gms:play-services-auth:20.0.1] AndroidManifest.xml:25:13-46
263            android:exported="false"
263-->[com.google.android.gms:play-services-auth:20.0.1] AndroidManifest.xml:26:13-37
264            android:theme="@android:style/Theme.Translucent.NoTitleBar" />
264-->[com.google.android.gms:play-services-auth:20.0.1] AndroidManifest.xml:27:13-72
265        <!--
266            Service handling Google Sign-In user revocation. For apps that do not integrate with
267            Google Sign-In, this service will never be started.
268        -->
269        <service
269-->[com.google.android.gms:play-services-auth:20.0.1] AndroidManifest.xml:33:9-37:51
270            android:name="com.google.android.gms.auth.api.signin.RevocationBoundService"
270-->[com.google.android.gms:play-services-auth:20.0.1] AndroidManifest.xml:34:13-89
271            android:exported="true"
271-->[com.google.android.gms:play-services-auth:20.0.1] AndroidManifest.xml:35:13-36
272            android:permission="com.google.android.gms.auth.api.signin.permission.REVOCATION_NOTIFICATION"
272-->[com.google.android.gms:play-services-auth:20.0.1] AndroidManifest.xml:36:13-107
273            android:visibleToInstantApps="true" />
273-->[com.google.android.gms:play-services-auth:20.0.1] AndroidManifest.xml:37:13-48
274
275        <activity
275-->[com.google.android.gms:play-services-base:18.0.1] AndroidManifest.xml:20:9-22:45
276            android:name="com.google.android.gms.common.api.GoogleApiActivity"
276-->[com.google.android.gms:play-services-base:18.0.1] AndroidManifest.xml:20:19-85
277            android:exported="false"
277-->[com.google.android.gms:play-services-base:18.0.1] AndroidManifest.xml:22:19-43
278            android:theme="@android:style/Theme.Translucent.NoTitleBar" />
278-->[com.google.android.gms:play-services-base:18.0.1] AndroidManifest.xml:21:19-78
279
280        <meta-data
280-->[com.google.android.gms:play-services-basement:18.0.0] AndroidManifest.xml:21:9-23:69
281            android:name="com.google.android.gms.version"
281-->[com.google.android.gms:play-services-basement:18.0.0] AndroidManifest.xml:22:13-58
282            android:value="@integer/google_play_services_version" />
282-->[com.google.android.gms:play-services-basement:18.0.0] AndroidManifest.xml:23:13-66
283
284        <service
284-->[com.google.android.datatransport:transport-backend-cct:3.1.6] AndroidManifest.xml:29:9-35:19
285            android:name="com.google.android.datatransport.runtime.backends.TransportBackendDiscovery"
285-->[com.google.android.datatransport:transport-backend-cct:3.1.6] AndroidManifest.xml:30:13-103
286            android:exported="false" >
286-->[com.google.android.datatransport:transport-backend-cct:3.1.6] AndroidManifest.xml:31:13-37
287            <meta-data